<?xml version="1.0" encoding="UTF-8"?>
<testng-results ignored="0" total="1" passed="1" failed="0" skipped="0">
  <reporter-output>
  </reporter-output>
  <suite started-at="2025-08-21T17:42:24 IST" name="Default suite" finished-at="2025-08-21T17:42:40 IST" duration-ms="16551">
    <groups>
    </groups>
    <test started-at="2025-08-21T17:42:24 IST" name="Default test" finished-at="2025-08-21T17:42:40 IST" duration-ms="16551">
      <class name="PageObject.Myntra_task">
        <test-method is-config="true" signature="setup()[pri:0, instance:PageObject.Myntra_task@54c5a2ff]" started-at="2025-08-21T17:42:24 IST" name="setup" finished-at="2025-08-21T17:42:31 IST" duration-ms="7487" status="PASS">
          <reporter-output>
          </reporter-output>
        </test-method> <!-- setup -->
        <test-method signature="addAndRemoveFromCart()[pri:0, instance:PageObject.Myntra_task@54c5a2ff]" started-at="2025-08-21T17:42:31 IST" name="addAndRemoveFromCart" finished-at="2025-08-21T17:42:40 IST" duration-ms="8704" status="PASS">
          <reporter-output>
          </reporter-output>
        </test-method> <!-- addAndRemoveFromCart -->
        <test-method is-config="true" signature="tearDown()[pri:0, instance:PageObject.Myntra_task@54c5a2ff]" started-at="2025-08-21T17:42:40 IST" name="tearDown" finished-at="2025-08-21T17:42:40 IST" duration-ms="323" status="PASS">
          <reporter-output>
          </reporter-output>
        </test-method> <!-- tearDown -->
      </class> <!-- PageObject.Myntra_task -->
    </test> <!-- Default test -->
  </suite> <!-- Default suite -->
</testng-results>
